<?xml version="1.0" encoding="UTF-8"?>
<testsuites tests="2" failures="2" errors="0" skipped="0">
  <testsuite name="IntainVA Admin processorDashboard" timestamp="2024-10-23T09:39:04" time="10.585" tests="2" failures="2" errors="0" skipped="0">
    <properties>
      <property name="specId" value="0"/>
      <property name="suiteName" value="IntainVA Admin processorDashboard"/>
      <property name="capabilities" value="chrome-headless-shell.126_0_6478_126.linux"/>
      <property name="file" value="file://./test/specs/adminProcessor.e2e.js"/>
    </properties>
    <testcase classname="chrome-headless-shell.126_0_6478_126.linux.IntainVA_Admin_processorDashboard" name="admin processorDashboard Incorrect arguments" time="10.406">
      <failure message="Can't call click on element with selector &quot;/html/body/div/div/div[2]/ul[1]/li[3]/a/button/span[1]/span[1]/img&quot; because element wasn't found"/>
      <system-out><![CDATA[
COMMAND: GET /session/f2c5c9df9ee9174c9a57caad10736ad0/screenshot - {}
RESULT: {}
]]></system-out>
      <system-err><![CDATA[
Error: Can't call click on element with selector "/html/body/div/div/div[2]/ul[1]/li[3]/a/button/span[1]/span[1]/img" because element wasn't found
    at async Context.<anonymous> (file:///home/minhaj/Documents/webdriverio/test/specs/adminProcessor.e2e.js:20:5)
]]></system-err>
    </testcase>
    <testcase classname="chrome-headless-shell.126_0_6478_126.linux.IntainVA_Admin_processorDashboard" name="processorDashboard correct arguments" time="0.178">
      <failure message="elements is not defined"/>
      <system-out><![CDATA[
COMMAND: GET /session/f2c5c9df9ee9174c9a57caad10736ad0/screenshot - {}
RESULT: {}
COMMAND: DELETE /session/f2c5c9df9ee9174c9a57caad10736ad0 - {}
RESULT: {}
]]></system-out>
      <system-err><![CDATA[
ReferenceError: elements is not defined
    at Context.<anonymous> (file:///home/minhaj/Documents/webdriverio/test/specs/adminProcessor.e2e.js:114:39)
]]></system-err>
    </testcase>
  </testsuite>
</testsuites>